2023-09-13T11:35:06.8095488+05:30 [INF] (Microsoft.Hosting.Lifetime) Now listening on: "https://localhost:7204"
2023-09-13T11:35:06.8612829+05:30 [INF] (Microsoft.Hosting.Lifetime) Now listening on: "http://localhost:5167"
2023-09-13T11:35:06.8670018+05:30 [INF] (Microsoft.Hosting.Lifetime) Application started. Press Ctrl+C to shut down.
2023-09-13T11:35:06.8677419+05:30 [INF] (Microsoft.Hosting.Lifetime) Hosting environment: "Development"
2023-09-13T11:35:06.8678236+05:30 [INF] (Microsoft.Hosting.Lifetime) Content root path: "C:\Code\MXPlatformAPI_Revised\MXPlatformAPI\"
2023-09-13T11:47:45.3757844+05:30 [FTL] (MXPlatformAPI.Controllers.TransactionController) Transaction Data not found!
2023-09-13T11:51:01.8157323+05:30 [INF] (MXPlatformAPI.Controllers.TransactionController) Transaction Data found successfully.
2023-09-13T12:47:55.6737412+05:30 [INF] (Microsoft.Hosting.Lifetime) Now listening on: "https://localhost:7204"
2023-09-13T12:47:55.7057067+05:30 [INF] (Microsoft.Hosting.Lifetime) Now listening on: "http://localhost:5167"
2023-09-13T12:47:55.7101936+05:30 [INF] (Microsoft.Hosting.Lifetime) Application started. Press Ctrl+C to shut down.
2023-09-13T12:47:55.7106846+05:30 [INF] (Microsoft.Hosting.Lifetime) Hosting environment: "Development"
2023-09-13T12:47:55.7107270+05:30 [INF] (Microsoft.Hosting.Lifetime) Content root path: "C:\Code\MXPlatformAPI_Revised\MXPlatformAPI\"
2023-09-13T12:53:36.1771897+05:30 [FTL] (MXPlatformAPI.Controllers.TransactionController) Transaction Data not found!
2023-09-13T13:03:04.2587793+05:30 [INF] (Microsoft.Hosting.Lifetime) Now listening on: "https://localhost:7204"
2023-09-13T13:03:04.2898375+05:30 [INF] (Microsoft.Hosting.Lifetime) Now listening on: "http://localhost:5167"
2023-09-13T13:03:04.2946730+05:30 [INF] (Microsoft.Hosting.Lifetime) Application started. Press Ctrl+C to shut down.
2023-09-13T13:03:04.2952618+05:30 [INF] (Microsoft.Hosting.Lifetime) Hosting environment: "Development"
2023-09-13T13:03:04.2953088+05:30 [INF] (Microsoft.Hosting.Lifetime) Content root path: "C:\Code\MXPlatformAPI_Revised\MXPlatformAPI\"
2023-09-13T14:07:41.0599608+05:30 [INF] (Microsoft.Hosting.Lifetime) Now listening on: "https://localhost:7204"
2023-09-13T14:07:41.1226804+05:30 [INF] (Microsoft.Hosting.Lifetime) Now listening on: "http://localhost:5167"
2023-09-13T14:07:41.1302770+05:30 [INF] (Microsoft.Hosting.Lifetime) Application started. Press Ctrl+C to shut down.
2023-09-13T14:07:41.1310016+05:30 [INF] (Microsoft.Hosting.Lifetime) Hosting environment: "Development"
2023-09-13T14:07:41.1310635+05:30 [INF] (Microsoft.Hosting.Lifetime) Content root path: "C:\Code\MXPlatformAPI_Revised\MXPlatformAPI\"
2023-09-13T14:07:57.4588703+05:30 [INF] (Microsoft.Hosting.Lifetime) Now listening on: "https://localhost:7204"
2023-09-13T14:07:57.4903977+05:30 [INF] (Microsoft.Hosting.Lifetime) Now listening on: "http://localhost:5167"
2023-09-13T14:07:57.4947145+05:30 [INF] (Microsoft.Hosting.Lifetime) Application started. Press Ctrl+C to shut down.
2023-09-13T14:07:57.4952004+05:30 [INF] (Microsoft.Hosting.Lifetime) Hosting environment: "Development"
2023-09-13T14:07:57.4952390+05:30 [INF] (Microsoft.Hosting.Lifetime) Content root path: "C:\Code\MXPlatformAPI_Revised\MXPlatformAPI\"
2023-09-13T14:21:38.4015784+05:30 [INF] (Microsoft.Hosting.Lifetime) Now listening on: "https://localhost:7204"
2023-09-13T14:21:38.4294128+05:30 [INF] (Microsoft.Hosting.Lifetime) Now listening on: "http://localhost:5167"
2023-09-13T14:21:38.4338549+05:30 [INF] (Microsoft.Hosting.Lifetime) Application started. Press Ctrl+C to shut down.
2023-09-13T14:21:38.4343502+05:30 [INF] (Microsoft.Hosting.Lifetime) Hosting environment: "Development"
2023-09-13T14:21:38.4343921+05:30 [INF] (Microsoft.Hosting.Lifetime) Content root path: "C:\Code\MXPlatformAPI_Revised\MXPlatformAPI\"
2023-09-13T14:37:30.1815627+05:30 [INF] (Microsoft.Hosting.Lifetime) Now listening on: "https://localhost:7204"
2023-09-13T14:37:30.2091258+05:30 [INF] (Microsoft.Hosting.Lifetime) Now listening on: "http://localhost:5167"
2023-09-13T14:37:30.2131764+05:30 [INF] (Microsoft.Hosting.Lifetime) Application started. Press Ctrl+C to shut down.
2023-09-13T14:37:30.2136764+05:30 [INF] (Microsoft.Hosting.Lifetime) Hosting environment: "Development"
2023-09-13T14:37:30.2137148+05:30 [INF] (Microsoft.Hosting.Lifetime) Content root path: "C:\Code\MXPlatformAPI_Revised\MXPlatformAPI\"
2023-09-13T14:38:29.7660456+05:30 [INF] (MXPlatformAPI.Controllers.TransactionController) Transaction Data found successfully.
2023-09-13T14:42:25.6430048+05:30 [INF] (Microsoft.Hosting.Lifetime) Now listening on: "https://localhost:7204"
2023-09-13T14:42:25.6779994+05:30 [INF] (Microsoft.Hosting.Lifetime) Now listening on: "http://localhost:5167"
2023-09-13T14:42:25.6960030+05:30 [INF] (Microsoft.Hosting.Lifetime) Application started. Press Ctrl+C to shut down.
2023-09-13T14:42:25.6968606+05:30 [INF] (Microsoft.Hosting.Lifetime) Hosting environment: "Development"
2023-09-13T14:42:25.6969300+05:30 [INF] (Microsoft.Hosting.Lifetime) Content root path: "C:\Code\MXPlatformAPI_Revised\MXPlatformAPI\"
2023-09-13T14:43:06.6157605+05:30 [INF] (MXPlatformAPI.Controllers.TransactionController) Transaction Data found successfully.
2023-09-13T14:45:38.8591148+05:30 [INF] (MXPlatformAPI.Controllers.TransactionController) Transaction Data found successfully.
2023-09-13T14:57:01.8537225+05:30 [INF] (MXPlatformAPI.Controllers.TransactionController) Transaction Data found successfully.
2023-09-13T15:12:24.6607552+05:30 [INF] (Microsoft.Hosting.Lifetime) Now listening on: "https://localhost:7204"
2023-09-13T15:12:24.6921020+05:30 [INF] (Microsoft.Hosting.Lifetime) Now listening on: "http://localhost:5167"
2023-09-13T15:12:24.6962969+05:30 [INF] (Microsoft.Hosting.Lifetime) Application started. Press Ctrl+C to shut down.
2023-09-13T15:12:24.6968136+05:30 [INF] (Microsoft.Hosting.Lifetime) Hosting environment: "Development"
2023-09-13T15:12:24.6968452+05:30 [INF] (Microsoft.Hosting.Lifetime) Content root path: "C:\Code\MXPlatformAPI_Revised\MXPlatformAPI\"
